This file contains any messages produced by compilers while
running configure, to aid debugging if configure makes a mistake.

It was created by ViennaRNA configure 1.6, which was
generated by GNU Autoconf 2.59.  Invocation command line was

  $ ./configure --without-forester

## --------- ##
## Platform. ##
## --------- ##

hostname = poilab
uname -m = i686
uname -r = 2.6.17-10-generic
uname -s = Linux
uname -v = #2 SMP Fri Oct 13 18:45:35 UTC 2006

/usr/bin/uname -p = unknown
/bin/uname -X     = unknown

/bin/arch              = i686
/usr/bin/arch -k       = unknown
/usr/convex/getsysinfo = unknown
hostinfo               = unknown
/bin/machine           = unknown
/usr/bin/oslevel       = unknown
/bin/universe          = unknown

PATH: /usr/local/sbin
PATH: /usr/local/bin
PATH: /usr/sbin
PATH: /usr/bin
PATH: /sbin
PATH: /bin
PATH: /usr/bin/X11
PATH: /usr/games


## ----------- ##
## Core tests. ##
## ----------- ##

configure:1368: checking for a BSD-compatible install
configure:1423: result: /usr/bin/install -c
configure:1434: checking whether build environment is sane
configure:1477: result: yes
configure:1542: checking for gawk
configure:1571: result: no
configure:1542: checking for mawk
configure:1558: found /usr/bin/mawk
configure:1568: result: mawk
configure:1578: checking whether make sets $(MAKE)
configure:1598: result: yes
configure:1767: checking if malloc debugging is wanted
configure:1788: result: no
configure:1836: checking build system type
configure:1854: result: i686-pc-linux-gnu
configure:1862: checking host system type
configure:1876: result: i686-pc-linux-gnu
configure:1931: checking for gcc
configure:1947: found /usr/bin/gcc
configure:1957: result: gcc
configure:2201: checking for C compiler version
configure:2204: gcc --version </dev/null >&5
gcc (GCC) 4.1.2 20060928 (prerelease) (Ubuntu 4.1.1-13ubuntu5)
Copyright (C) 2006 Free Software Foundation, Inc.
This is free software; see the source for copying conditions.  There is NO
warranty; not even for MERCHANTABILITY or FITNESS FOR A PARTICULAR PURPOSE.

configure:2207: $? = 0
configure:2209: gcc -v </dev/null >&5
Using built-in specs.
Target: i486-linux-gnu
Configured with: ../src/configure -v --enable-languages=c,c++,fortran,objc,obj-c++,treelang --prefix=/usr --enable-shared --with-system-zlib --libexecdir=/usr/lib --without-included-gettext --enable-threads=posix --enable-nls --program-suffix=-4.1 --enable-__cxa_atexit --enable-clocale=gnu --enable-libstdcxx-debug --enable-mpfr --enable-checking=release i486-linux-gnu
Thread model: posix
gcc version 4.1.2 20060928 (prerelease) (Ubuntu 4.1.1-13ubuntu5)
configure:2212: $? = 0
configure:2214: gcc -V </dev/null >&5
gcc: '-V' option must have argument
configure:2217: $? = 1
configure:2240: checking for C compiler default output file name
configure:2243: gcc    conftest.c  >&5
configure:2246: $? = 0
configure:2292: result: a.out
configure:2297: checking whether the C compiler works
configure:2303: ./a.out
configure:2306: $? = 0
configure:2323: result: yes
configure:2330: checking whether we are cross compiling
configure:2332: result: no
configure:2335: checking for suffix of executables
configure:2337: gcc -o conftest    conftest.c  >&5
configure:2340: $? = 0
configure:2365: result: 
configure:2371: checking for suffix of object files
configure:2392: gcc -c   conftest.c >&5
configure:2395: $? = 0
configure:2417: result: o
configure:2421: checking whether we are using the GNU C compiler
configure:2445: gcc -c   conftest.c >&5
configure:2451: $? = 0
configure:2455: test -z 
			 || test ! -s conftest.err
configure:2458: $? = 0
configure:2461: test -s conftest.o
configure:2464: $? = 0
configure:2477: result: yes
configure:2483: checking whether gcc accepts -g
configure:2504: gcc -c -g  conftest.c >&5
configure:2510: $? = 0
configure:2514: test -z 
			 || test ! -s conftest.err
configure:2517: $? = 0
configure:2520: test -s conftest.o
configure:2523: $? = 0
configure:2534: result: yes
configure:2551: checking for gcc option to accept ANSI C
configure:2621: gcc  -c -g -O2  conftest.c >&5
configure:2627: $? = 0
configure:2631: test -z 
			 || test ! -s conftest.err
configure:2634: $? = 0
configure:2637: test -s conftest.o
configure:2640: $? = 0
configure:2658: result: none needed
configure:2676: gcc -c -g -O2  conftest.c >&5
conftest.c:2: error: expected '=', ',', ';', 'asm' or '__attribute__' before 'me'
configure:2682: $? = 1
configure: failed program was:
| #ifndef __cplusplus
|   choke me
| #endif
configure:2826: checking for style of include used by make
configure:2854: result: GNU
configure:2882: checking dependency style of gcc
configure:2972: result: gcc3
configure:3015: checking for a BSD-compatible install
configure:3070: result: /usr/bin/install -c
configure:3122: checking for ranlib
configure:3138: found /usr/bin/ranlib
configure:3149: result: ranlib
configure:3164: checking for perl
configure:3182: found /usr/bin/perl
configure:3194: result: /usr/bin/perl
configure:3297: checking how to run the C preprocessor
configure:3332: gcc -E  conftest.c
configure:3338: $? = 0
configure:3370: gcc -E  conftest.c
conftest.c:12:28: error: ac_nonexistent.h: No such file or directory
configure:3376: $? = 1
configure: failed program was:
| /* confdefs.h.  */
| 
| #define PACKAGE_NAME "ViennaRNA"
| #define PACKAGE_TARNAME "ViennaRNA"
| #define PACKAGE_VERSION "1.6"
| #define PACKAGE_STRING "ViennaRNA 1.6"
| #define PACKAGE_BUGREPORT "rna@tbi.univie.ac.at"
| #define PACKAGE "ViennaRNA"
| #define VERSION "1.6"
| #define UNUSED __attribute__ ((unused))
| /* end confdefs.h.  */
| #include <ac_nonexistent.h>
configure:3415: result: gcc -E
configure:3439: gcc -E  conftest.c
configure:3445: $? = 0
configure:3477: gcc -E  conftest.c
conftest.c:12:28: error: ac_nonexistent.h: No such file or directory
configure:3483: $? = 1
configure: failed program was:
| /* confdefs.h.  */
| 
| #define PACKAGE_NAME "ViennaRNA"
| #define PACKAGE_TARNAME "ViennaRNA"
| #define PACKAGE_VERSION "1.6"
| #define PACKAGE_STRING "ViennaRNA 1.6"
| #define PACKAGE_BUGREPORT "rna@tbi.univie.ac.at"
| #define PACKAGE "ViennaRNA"
| #define VERSION "1.6"
| #define UNUSED __attribute__ ((unused))
| /* end confdefs.h.  */
| #include <ac_nonexistent.h>
configure:3527: checking for egrep
configure:3537: result: grep -E
configure:3542: checking for ANSI C header files
configure:3567: gcc -c -g -O2  conftest.c >&5
configure:3573: $? = 0
configure:3577: test -z 
			 || test ! -s conftest.err
configure:3580: $? = 0
configure:3583: test -s conftest.o
configure:3586: $? = 0
configure:3675: gcc -o conftest -g -O2   conftest.c  >&5
conftest.c: In function 'main':
conftest.c:29: warning: incompatible implicit declaration of built-in function 'exit'
configure:3678: $? = 0
configure:3680: ./conftest
configure:3683: $? = 0
configure:3698: result: yes
configure:3722: checking for sys/types.h
configure:3738: gcc -c -g -O2  conftest.c >&5
configure:3744: $? = 0
configure:3748: test -z 
			 || test ! -s conftest.err
configure:3751: $? = 0
configure:3754: test -s conftest.o
configure:3757: $? = 0
configure:3768: result: yes
configure:3722: checking for sys/stat.h
configure:3738: gcc -c -g -O2  conftest.c >&5
configure:3744: $? = 0
configure:3748: test -z 
			 || test ! -s conftest.err
configure:3751: $? = 0
configure:3754: test -s conftest.o
configure:3757: $? = 0
configure:3768: result: yes
configure:3722: checking for stdlib.h
configure:3738: gcc -c -g -O2  conftest.c >&5
configure:3744: $? = 0
configure:3748: test -z 
			 || test ! -s conftest.err
configure:3751: $? = 0
configure:3754: test -s conftest.o
configure:3757: $? = 0
configure:3768: result: yes
configure:3722: checking for string.h
configure:3738: gcc -c -g -O2  conftest.c >&5
configure:3744: $? = 0
configure:3748: test -z 
			 || test ! -s conftest.err
configure:3751: $? = 0
configure:3754: test -s conftest.o
configure:3757: $? = 0
configure:3768: result: yes
configure:3722: checking for memory.h
configure:3738: gcc -c -g -O2  conftest.c >&5
configure:3744: $? = 0
configure:3748: test -z 
			 || test ! -s conftest.err
configure:3751: $? = 0
configure:3754: test -s conftest.o
configure:3757: $? = 0
configure:3768: result: yes
configure:3722: checking for strings.h
configure:3738: gcc -c -g -O2  conftest.c >&5
configure:3744: $? = 0
configure:3748: test -z 
			 || test ! -s conftest.err
configure:3751: $? = 0
configure:3754: test -s conftest.o
configure:3757: $? = 0
configure:3768: result: yes
configure:3722: checking for inttypes.h
configure:3738: gcc -c -g -O2  conftest.c >&5
configure:3744: $? = 0
configure:3748: test -z 
			 || test ! -s conftest.err
configure:3751: $? = 0
configure:3754: test -s conftest.o
configure:3757: $? = 0
configure:3768: result: yes
configure:3722: checking for stdint.h
configure:3738: gcc -c -g -O2  conftest.c >&5
configure:3744: $? = 0
configure:3748: test -z 
			 || test ! -s conftest.err
configure:3751: $? = 0
configure:3754: test -s conftest.o
configure:3757: $? = 0
configure:3768: result: yes
configure:3722: checking for unistd.h
configure:3738: gcc -c -g -O2  conftest.c >&5
configure:3744: $? = 0
configure:3748: test -z 
			 || test ! -s conftest.err
configure:3751: $? = 0
configure:3754: test -s conftest.o
configure:3757: $? = 0
configure:3768: result: yes
configure:3796: checking malloc.h usability
configure:3808: gcc -c -g -O2  conftest.c >&5
configure:3814: $? = 0
configure:3818: test -z 
			 || test ! -s conftest.err
configure:3821: $? = 0
configure:3824: test -s conftest.o
configure:3827: $? = 0
configure:3837: result: yes
configure:3841: checking malloc.h presence
configure:3851: gcc -E  conftest.c
configure:3857: $? = 0
configure:3877: result: yes
configure:3912: checking for malloc.h
configure:3919: result: yes
configure:3787: checking for strings.h
configure:3792: result: yes
configure:3787: checking for unistd.h
configure:3792: result: yes
configure:3933: checking for an ANSI C-conforming const
configure:4000: gcc -c -g -O2  conftest.c >&5
configure:4006: $? = 0
configure:4010: test -z 
			 || test ! -s conftest.err
configure:4013: $? = 0
configure:4016: test -s conftest.o
configure:4019: $? = 0
configure:4030: result: yes
configure:4040: checking for size_t
configure:4064: gcc -c -g -O2  conftest.c >&5
configure:4070: $? = 0
configure:4074: test -z 
			 || test ! -s conftest.err
configure:4077: $? = 0
configure:4080: test -s conftest.o
configure:4083: $? = 0
configure:4094: result: yes
configure:4106: checking for inline
configure:4127: gcc -c -g -O2  conftest.c >&5
configure:4133: $? = 0
configure:4137: test -z 
			 || test ! -s conftest.err
configure:4140: $? = 0
configure:4143: test -s conftest.o
configure:4146: $? = 0
configure:4158: result: inline
configure:4185: checking for strdup
configure:4242: gcc -o conftest -g -O2   conftest.c  >&5
conftest.c:49: warning: conflicting types for built-in function 'strdup'
configure:4248: $? = 0
configure:4252: test -z 
			 || test ! -s conftest.err
configure:4255: $? = 0
configure:4258: test -s conftest
configure:4261: $? = 0
configure:4273: result: yes
configure:4185: checking for strstr
configure:4242: gcc -o conftest -g -O2   conftest.c  >&5
conftest.c:50: warning: conflicting types for built-in function 'strstr'
configure:4248: $? = 0
configure:4252: test -z 
			 || test ! -s conftest.err
configure:4255: $? = 0
configure:4258: test -s conftest
configure:4261: $? = 0
configure:4273: result: yes
configure:4185: checking for strchr
configure:4242: gcc -o conftest -g -O2   conftest.c  >&5
conftest.c:51: warning: conflicting types for built-in function 'strchr'
configure:4248: $? = 0
configure:4252: test -z 
			 || test ! -s conftest.err
configure:4255: $? = 0
configure:4258: test -s conftest
configure:4261: $? = 0
configure:4273: result: yes
configure:4185: checking for erand48
configure:4242: gcc -o conftest -g -O2   conftest.c  >&5
configure:4248: $? = 0
configure:4252: test -z 
			 || test ! -s conftest.err
configure:4255: $? = 0
configure:4258: test -s conftest
configure:4261: $? = 0
configure:4273: result: yes
configure:4423: creating ./config.status

## ---------------------- ##
## Running config.status. ##
## ---------------------- ##

This file was extended by ViennaRNA config.status 1.6, which was
generated by GNU Autoconf 2.59.  Invocation command line was

  CONFIG_FILES    = 
  CONFIG_HEADERS  = 
  CONFIG_LINKS    = 
  CONFIG_COMMANDS = 
  $ ./config.status 

on poilab

config.status:731: creating Makefile
config.status:731: creating ViennaRNA.spec
config.status:731: creating Utils/Makefile
config.status:731: creating Progs/Makefile
config.status:731: creating lib/Makefile
config.status:731: creating man/Makefile
config.status:731: creating Cluster/Makefile
config.status:731: creating H/Makefile
config.status:731: creating Perl/Makefile
config.status:731: creating man/RNAheat.1
config.status:731: creating man/RNAsubopt.1
config.status:731: creating man/RNAdistance.1
config.status:731: creating man/RNAinverse.1
config.status:731: creating man/RNAeval.1
config.status:731: creating man/RNAfold.1
config.status:731: creating man/RNApdist.1
config.status:731: creating man/RNAplot.1
config.status:731: creating man/RNALfold.1
config.status:731: creating man/RNAalifold.1
config.status:731: creating man/RNAduplex.1
config.status:731: creating man/RNAcofold.1
config.status:731: creating man/RNAplfold.1
config.status:835: creating config.h
config.status:957: config.h is unchanged
config.status:1137: executing depfiles commands
configure:5796: configuring in Kinfold
configure:5913: running /bin/bash './configure' --prefix=/usr/local  '--without-forester' --cache-file=/dev/null --srcdir=.
configure:5949:
Configure successful with the following options:

  Perl Extension:      yes
  Analyse{Dists,Seqs}: no
  Kinfold:             yes
  RNAforester:         no

Files will be installed in the following directories:

  Executables:  /usr/local/bin
  Libraries:      /usr/local/lib
  Header files: /usr/local/include
  Extra Data:   /usr/local/share
  Man pages:    /usr/local/man


## ---------------- ##
## Cache variables. ##
## ---------------- ##

ac_cv_build=i686-pc-linux-gnu
ac_cv_build_alias=i686-pc-linux-gnu
ac_cv_c_compiler_gnu=yes
ac_cv_c_const=yes
ac_cv_c_inline=inline
ac_cv_env_CC_set=
ac_cv_env_CC_value=
ac_cv_env_CFLAGS_set=
ac_cv_env_CFLAGS_value=
ac_cv_env_CPPFLAGS_set=
ac_cv_env_CPPFLAGS_value=
ac_cv_env_CPP_set=
ac_cv_env_CPP_value=
ac_cv_env_LDFLAGS_set=
ac_cv_env_LDFLAGS_value=
ac_cv_env_build_alias_set=
ac_cv_env_build_alias_value=
ac_cv_env_host_alias_set=
ac_cv_env_host_alias_value=
ac_cv_env_target_alias_set=
ac_cv_env_target_alias_value=
ac_cv_exeext=
ac_cv_func_erand48=yes
ac_cv_func_strchr=yes
ac_cv_func_strdup=yes
ac_cv_func_strstr=yes
ac_cv_header_inttypes_h=yes
ac_cv_header_malloc_h=yes
ac_cv_header_memory_h=yes
ac_cv_header_stdc=yes
ac_cv_header_stdint_h=yes
ac_cv_header_stdlib_h=yes
ac_cv_header_string_h=yes
ac_cv_header_strings_h=yes
ac_cv_header_sys_stat_h=yes
ac_cv_header_sys_types_h=yes
ac_cv_header_unistd_h=yes
ac_cv_host=i686-pc-linux-gnu
ac_cv_host_alias=i686-pc-linux-gnu
ac_cv_objext=o
ac_cv_path_PerlCmd=/usr/bin/perl
ac_cv_path_install='/usr/bin/install -c'
ac_cv_prog_AWK=mawk
ac_cv_prog_CPP='gcc -E'
ac_cv_prog_ac_ct_CC=gcc
ac_cv_prog_ac_ct_RANLIB=ranlib
ac_cv_prog_cc_g=yes
ac_cv_prog_cc_stdc=
ac_cv_prog_egrep='grep -E'
ac_cv_prog_make_make_set=yes
ac_cv_type_size_t=yes
am_cv_CC_dependencies_compiler_type=gcc3

## ----------------- ##
## Output variables. ##
## ----------------- ##

ACLOCAL='${SHELL} /home/gkirtzou/InstallationByMe/ViennaRNA-1.6_copy/missing --run aclocal-1.9'
AMDEPBACKSLASH='\'
AMDEP_FALSE='#'
AMDEP_TRUE=''
AMTAR='${SHELL} /home/gkirtzou/InstallationByMe/ViennaRNA-1.6_copy/missing --run tar'
AUTOCONF='${SHELL} /home/gkirtzou/InstallationByMe/ViennaRNA-1.6_copy/missing --run autoconf'
AUTOHEADER='${SHELL} /home/gkirtzou/InstallationByMe/ViennaRNA-1.6_copy/missing --run autoheader'
AUTOMAKE='${SHELL} /home/gkirtzou/InstallationByMe/ViennaRNA-1.6_copy/missing --run automake-1.9'
AWK='mawk'
CC='gcc'
CCDEPMODE='depmode=gcc3'
CFLAGS='-g -O2'
CPP='gcc -E'
CPPFLAGS=''
CYGPATH_W='echo'
DEFS='-DHAVE_CONFIG_H'
DEPDIR='.deps'
ECHO_C=''
ECHO_N='-n'
ECHO_T=''
EGREP='grep -E'
EXEEXT=''
INSTALL_DATA='${INSTALL} -m 644'
INSTALL_PROGRAM='${INSTALL}'
INSTALL_SCRIPT='${INSTALL}'
INSTALL_STRIP_PROGRAM='${SHELL} $(install_sh) -c -s'
ISODATE='2006-11-27'
LDFLAGS=''
LIBOBJS=''
LIBS=''
LTLIBOBJS=''
MAKEINFO='${SHELL} /home/gkirtzou/InstallationByMe/ViennaRNA-1.6_copy/missing --run makeinfo'
MAKE_CLUSTER_FALSE=''
MAKE_CLUSTER_TRUE='#'
MAKE_FORESTER_FALSE=''
MAKE_FORESTER_TRUE='#'
MAKE_KINFOLD_FALSE='#'
MAKE_KINFOLD_TRUE=''
MAKE_PERL_EXT_FALSE='#'
MAKE_PERL_EXT_TRUE=''
OBJEXT='o'
PACKAGE='ViennaRNA'
PACKAGE_BUGREPORT='rna@tbi.univie.ac.at'
PACKAGE_NAME='ViennaRNA'
PACKAGE_STRING='ViennaRNA 1.6'
PACKAGE_TARNAME='ViennaRNA'
PACKAGE_VERSION='1.6'
PATH_SEPARATOR=':'
PerlCmd='/usr/bin/perl'
RANLIB='ranlib'
SET_MAKE=''
SHELL='/bin/bash'
STRIP=''
VERSION='1.6'
ac_ct_CC='gcc'
ac_ct_RANLIB='ranlib'
ac_ct_STRIP=''
am__fastdepCC_FALSE='#'
am__fastdepCC_TRUE=''
am__include='include'
am__leading_dot='.'
am__quote=''
am__tar='${AMTAR} chof - "$$tardir"'
am__untar='${AMTAR} xf -'
bindir='${exec_prefix}/bin'
build='i686-pc-linux-gnu'
build_alias=''
build_cpu='i686'
build_os='linux-gnu'
build_vendor='pc'
datadir='${prefix}/share'
exec_prefix='${prefix}'
host='i686-pc-linux-gnu'
host_alias=''
host_cpu='i686'
host_os='linux-gnu'
host_vendor='pc'
includedir='${prefix}/include'
infodir='${prefix}/info'
install_sh='/home/gkirtzou/InstallationByMe/ViennaRNA-1.6_copy/install-sh'
libdir='${exec_prefix}/lib'
libexecdir='${exec_prefix}/libexec'
localstatedir='${prefix}/var'
mandir='${prefix}/man'
mkdir_p='mkdir -p --'
oldincludedir='/usr/include'
prefix='/usr/local'
program_transform_name='s,x,x,'
sbindir='${exec_prefix}/sbin'
sharedstatedir='${prefix}/com'
subdirs=' Kinfold'
sysconfdir='${prefix}/etc'
target_alias=''

## ----------- ##
## confdefs.h. ##
## ----------- ##

#define HAVE_ERAND48 1
#define HAVE_INTTYPES_H 1
#define HAVE_MALLOC_H 1
#define HAVE_MEMORY_H 1
#define HAVE_STDINT_H 1
#define HAVE_STDLIB_H 1
#define HAVE_STRCHR 1
#define HAVE_STRDUP 1
#define HAVE_STRINGS_H 1
#define HAVE_STRINGS_H 1
#define HAVE_STRING_H 1
#define HAVE_STRSTR 1
#define HAVE_SYS_STAT_H 1
#define HAVE_SYS_TYPES_H 1
#define HAVE_UNISTD_H 1
#define HAVE_UNISTD_H 1
#define PACKAGE "ViennaRNA"
#define PACKAGE_BUGREPORT "rna@tbi.univie.ac.at"
#define PACKAGE_NAME "ViennaRNA"
#define PACKAGE_STRING "ViennaRNA 1.6"
#define PACKAGE_TARNAME "ViennaRNA"
#define PACKAGE_VERSION "1.6"
#define STDC_HEADERS 1
#define UNUSED __attribute__ ((unused))
#define VERSION "1.6"

configure: exit 0
